
2026-03-12 11:40:47,628 | ERROR | base | API request failed: GET https://climate.spac.dk/api/records
2026-03-12 11:41:26,453 | ERROR | base | API request failed: GET https://climate.spac.dk/api/records
2026-03-12 11:43:14,759 | ERROR | base | API request failed: GET https://climate.spac.dk/api/records
2026-03-12 11:52:32,581 | INFO | base | API GET https://climate.spac.dk/api/records -> 200
2026-03-12 12:58:33,620 | INFO | src.vejrdata.api_clients.base | API GET https://opendataapi.dmi.dk/v2/metObs/collections/observation/items -> 200
2026-03-12 13:01:02,260 | INFO | src.vejrdata.api_clients.base | API GET https://climate.spac.dk/api/records -> 200
2026-03-12 13:01:02,574 | INFO | src.vejrdata.api_clients.base | API GET https://opendataapi.dmi.dk/v2/metObs/collections/observation/items -> 200
2026-03-12 13:01:02,871 | INFO | src.vejrdata.api_clients.base | API GET https://climate.spac.dk/api/records -> 200
2026-03-12 13:01:14,135 | INFO | src.vejrdata.api_clients.base | API GET https://climate.spac.dk/api/records -> 200
2026-03-12 13:01:29,696 | INFO | src.vejrdata.api_clients.base | API GET https://climate.spac.dk/api/records -> 200
2026-03-12 13:01:38,740 | INFO | src.vejrdata.api_clients.base | API GET https://climate.spac.dk/api/records -> 200
2026-03-12 13:03:12,728 | INFO | src.vejrdata.api_clients.base | API GET https://climate.spac.dk/api/records -> 200
2026-03-12 13:03:13,000 | INFO | src.vejrdata.api_clients.base | API GET https://opendataapi.dmi.dk/v2/metObs/collections/observation/items -> 200
2026-03-12 13:03:13,251 | INFO | src.vejrdata.api_clients.base | API GET https://climate.spac.dk/api/records -> 200
2026-03-12 13:04:59,103 | INFO | src.vejrdata.api_clients.base | API GET https://opendataapi.dmi.dk/v2/metObs/collections/observation/items -> 200
2026-03-12 13:04:59,354 | INFO | src.vejrdata.api_clients.base | API GET https://climate.spac.dk/api/records -> 200
2026-03-12 13:17:21,426 | INFO | src.vejrdata.api_clients.base | API GET https://opendataapi.dmi.dk/v2/metObs/collections/observation/items -> 200
2026-03-12 13:17:21,717 | INFO | src.vejrdata.api_clients.base | API GET https://climate.spac.dk/api/records -> 200
2026-03-12 13:19:20,746 | INFO | src.vejrdata.api_clients.base | API GET https://opendataapi.dmi.dk/v2/metObs/collections/observation/items -> 200
2026-03-12 13:19:21,009 | INFO | src.vejrdata.api_clients.base | API GET https://climate.spac.dk/api/records -> 200
2026-03-13 10:04:42,843 | INFO | src.vejrdata.api_clients.base | API GET https://opendataapi.dmi.dk/v2/metObs/collections/observation/items -> 200
2026-03-13 10:05:32,545 | INFO | src.vejrdata.api_clients.base | API GET https://opendataapi.dmi.dk/v2/metObs/collections/observation/items -> 200
2026-03-13 10:06:33,641 | INFO | src.vejrdata.api_clients.base | API GET https://opendataapi.dmi.dk/v2/metObs/collections/observation/items -> 200
2026-03-13 10:06:46,571 | INFO | src.vejrdata.api_clients.base | API GET https://opendataapi.dmi.dk/v2/metObs/collections/observation/items -> 200
2026-03-13 10:06:56,254 | INFO | src.vejrdata.api_clients.base | API GET https://opendataapi.dmi.dk/v2/metObs/collections/observation/items -> 200
2026-03-13 10:07:05,403 | INFO | src.vejrdata.api_clients.base | API GET https://opendataapi.dmi.dk/v2/metObs/collections/observation/items -> 200
2026-03-13 10:07:27,010 | INFO | src.vejrdata.api_clients.base | API GET https://opendataapi.dmi.dk/v2/metObs/collections/observation/items -> 200
2026-03-13 10:10:29,838 | INFO | src.vejrdata.api_clients.base | API GET https://opendataapi.dmi.dk/v2/metObs/collections/observation/items -> 200
2026-03-13 10:38:41,700 | INFO | src.vejrdata.api_clients.base | API GET https://opendataapi.dmi.dk/v2/metObs/collections/observation/items -> 200
2026-03-13 10:39:03,948 | INFO | src.vejrdata.api_clients.base | API GET https://opendataapi.dmi.dk/v2/metObs/collections/observation/items -> 200
2026-03-13 10:48:07,709 | INFO | src.vejrdata.api_clients.base | API GET https://opendataapi.dmi.dk/v2/metObs/collections/observation/items -> 200
2026-03-13 10:48:56,721 | INFO | src.vejrdata.api_clients.base | API GET https://opendataapi.dmi.dk/v2/metObs/collections/observation/items -> 200
2026-03-13 10:49:25,076 | INFO | src.vejrdata.api_clients.base | API GET https://opendataapi.dmi.dk/v2/metObs/collections/observation/items -> 200
2026-03-13 10:53:36,540 | INFO | src.vejrdata.api_clients.base | API GET https://opendataapi.dmi.dk/v2/metObs/collections/observation/items -> 200
2026-03-13 10:56:35,675 | INFO | src.vejrdata.api_clients.base | API GET https://opendataapi.dmi.dk/v2/metObs/collections/observation/items -> 200
2026-03-13 10:57:40,902 | INFO | src.vejrdata.api_clients.base | API GET https://opendataapi.dmi.dk/v2/metObs/collections/observation/items -> 200
2026-03-13 10:58:34,435 | INFO | src.vejrdata.api_clients.base | API GET https://opendataapi.dmi.dk/v2/metObs/collections/observation/items -> 200
2026-03-13 10:59:11,748 | INFO | src.vejrdata.api_clients.base | API GET https://opendataapi.dmi.dk/v2/metObs/collections/observation/items -> 200
2026-03-13 11:00:25,675 | INFO | src.vejrdata.api_clients.base | API GET https://opendataapi.dmi.dk/v2/metObs/collections/observation/items -> 200
2026-03-13 11:00:51,230 | INFO | src.vejrdata.api_clients.base | API GET https://opendataapi.dmi.dk/v2/metObs/collections/observation/items -> 200
2026-03-13 11:01:10,359 | INFO | src.vejrdata.api_clients.base | API GET https://opendataapi.dmi.dk/v2/metObs/collections/observation/items -> 200
2026-03-13 11:02:50,521 | INFO | src.vejrdata.api_clients.base | API GET https://opendataapi.dmi.dk/v2/metObs/collections/observation/items -> 200
2026-03-13 11:14:49,496 | INFO | src.vejrdata.api_clients.base | API GET https://opendataapi.dmi.dk/v2/metObs/collections/observation/items -> 200
2026-03-13 11:15:06,566 | INFO | src.vejrdata.api_clients.base | API GET https://opendataapi.dmi.dk/v2/metObs/collections/observation/items -> 200
2026-03-13 11:15:36,346 | INFO | src.vejrdata.api_clients.base | API GET https://opendataapi.dmi.dk/v2/metObs/collections/observation/items -> 200
2026-03-13 11:16:23,012 | INFO | src.vejrdata.api_clients.base | API GET https://opendataapi.dmi.dk/v2/metObs/collections/observation/items -> 200
2026-03-13 13:26:52,142 | INFO | src.vejrdata.api_clients.base | API GET https://opendataapi.dmi.dk/v2/metObs/collections/observation/items -> 200
2026-03-13 13:29:36,243 | INFO | src.vejrdata.api_clients.base | API GET https://opendataapi.dmi.dk/v2/metObs/collections/observation/items -> 200
2026-03-13 13:56:18,098 | INFO | src.vejrdata.api_clients.base | API GET https://opendataapi.dmi.dk/v2/metObs/collections/observation/items -> 200
2026-03-13 13:56:46,349 | INFO | src.vejrdata.api_clients.base | API GET https://opendataapi.dmi.dk/v2/metObs/collections/observation/items -> 200
2026-03-13 14:07:06,369 | INFO | src.vejrdata.api_clients.base | API GET https://climate.spac.dk/api/records -> 200
2026-03-13 14:13:52,195 | INFO | src.vejrdata.api_clients.base | API GET https://climate.spac.dk/api/records -> 200
2026-03-13 14:14:59,540 | INFO | src.vejrdata.api_clients.base | API GET https://climate.spac.dk/api/records -> 200
2026-03-13 14:15:24,726 | INFO | src.vejrdata.api_clients.base | API GET https://climate.spac.dk/api/records -> 200
2026-03-13 14:16:01,297 | INFO | src.vejrdata.api_clients.base | API GET https://climate.spac.dk/api/records -> 200
2026-03-13 14:16:59,542 | INFO | src.vejrdata.api_clients.base | API GET https://climate.spac.dk/api/records -> 200
2026-03-13 14:18:13,536 | INFO | src.vejrdata.api_clients.base | API GET https://climate.spac.dk/api/records -> 200
2026-03-13 14:23:49,427 | INFO | src.vejrdata.api_clients.base | API GET https://climate.spac.dk/api/records -> 200
2026-03-13 14:24:31,438 | INFO | src.vejrdata.api_clients.base | API GET https://climate.spac.dk/api/records -> 200
2026-03-13 14:25:12,456 | INFO | src.vejrdata.api_clients.base | API GET https://climate.spac.dk/api/records -> 200
2026-03-13 14:26:08,414 | INFO | src.vejrdata.api_clients.base | API GET https://climate.spac.dk/api/records -> 200
2026-03-13 14:27:42,379 | INFO | src.vejrdata.api_clients.base | API GET https://climate.spac.dk/api/records -> 200
2026-03-13 14:28:22,848 | INFO | src.vejrdata.api_clients.base | API GET https://climate.spac.dk/api/records -> 200
2026-03-13 14:29:17,089 | INFO | src.vejrdata.api_clients.base | API GET https://climate.spac.dk/api/records -> 200
2026-03-16 09:59:40,920 | INFO | src.vejrdata.api_clients.base | API GET https://climate.spac.dk/api/records -> 200
2026-03-16 10:00:38,268 | INFO | src.vejrdata.api_clients.base | API GET https://climate.spac.dk/api/records -> 200
2026-03-16 10:01:11,553 | INFO | src.vejrdata.api_clients.base | API GET https://climate.spac.dk/api/records -> 200
2026-03-16 10:13:58,383 | INFO | src.vejrdata.api_clients.base | API GET https://climate.spac.dk/api/records -> 200
2026-03-16 10:14:21,412 | INFO | src.vejrdata.api_clients.base | API GET https://climate.spac.dk/api/records -> 200
2026-03-16 10:15:32,459 | INFO | src.vejrdata.api_clients.base | API GET https://climate.spac.dk/api/records -> 200
2026-03-16 10:16:07,042 | INFO | src.vejrdata.api_clients.base | API GET https://climate.spac.dk/api/records -> 200
2026-03-16 10:18:43,197 | INFO | src.vejrdata.api_clients.base | API GET https://climate.spac.dk/api/records -> 200
2026-03-16 10:19:38,749 | INFO | src.vejrdata.api_clients.base | API GET https://climate.spac.dk/api/records -> 200
2026-03-16 10:21:19,094 | INFO | src.vejrdata.api_clients.base | API GET https://climate.spac.dk/api/records -> 200
2026-03-16 10:21:57,688 | INFO | src.vejrdata.api_clients.base | API GET https://climate.spac.dk/api/records -> 200
2026-03-16 10:23:31,177 | INFO | src.vejrdata.api_clients.base | API GET https://climate.spac.dk/api/records -> 200
2026-03-16 10:37:06,592 | INFO | src.vejrdata.api_clients.base | API GET https://climate.spac.dk/api/records -> 200
2026-03-16 10:38:43,958 | INFO | src.vejrdata.api_clients.base | API GET https://climate.spac.dk/api/records -> 200
2026-03-16 10:40:57,499 | INFO | src.vejrdata.api_clients.base | API GET https://climate.spac.dk/api/records -> 200
2026-03-16 10:41:55,253 | INFO | src.vejrdata.api_clients.base | API GET https://climate.spac.dk/api/records -> 200
2026-03-16 10:42:58,776 | INFO | src.vejrdata.api_clients.base | API GET https://climate.spac.dk/api/records -> 200
2026-03-16 10:43:32,238 | INFO | src.vejrdata.api_clients.base | API GET https://climate.spac.dk/api/records -> 200
2026-03-16 10:45:31,429 | INFO | src.vejrdata.api_clients.base | API GET https://climate.spac.dk/api/records -> 200
2026-03-16 10:51:06,775 | INFO | src.vejrdata.api_clients.base | API GET https://climate.spac.dk/api/records -> 200
2026-03-16 10:53:15,455 | INFO | src.vejrdata.api_clients.base | API GET https://climate.spac.dk/api/records -> 200
2026-03-16 10:54:15,415 | INFO | src.vejrdata.api_clients.base | API GET https://climate.spac.dk/api/records -> 200
2026-03-16 11:02:08,439 | INFO | src.vejrdata.api_clients.base | API GET https://climate.spac.dk/api/records -> 200
2026-03-16 11:03:48,271 | INFO | src.vejrdata.api_clients.base | API GET https://climate.spac.dk/api/records -> 200
2026-03-16 11:04:14,846 | INFO | src.vejrdata.api_clients.base | API GET https://climate.spac.dk/api/records -> 200
2026-03-16 11:04:41,093 | INFO | src.vejrdata.api_clients.base | API GET https://climate.spac.dk/api/records -> 200
2026-03-16 11:06:51,414 | INFO | src.vejrdata.api_clients.base | API GET https://climate.spac.dk/api/records -> 200
2026-03-16 11:25:11,512 | INFO | src.vejrdata.api_clients.base | API GET https://climate.spac.dk/api/records -> 200
2026-03-16 11:25:59,188 | INFO | src.vejrdata.api_clients.base | API GET https://climate.spac.dk/api/records -> 200
2026-03-16 11:27:01,057 | INFO | src.vejrdata.api_clients.base | API GET https://climate.spac.dk/api/records -> 200
2026-03-16 11:30:07,402 | INFO | src.vejrdata.api_clients.base | API GET https://climate.spac.dk/api/records -> 200
2026-03-16 11:31:09,419 | INFO | src.vejrdata.api_clients.base | API GET https://climate.spac.dk/api/records -> 200
2026-03-16 11:32:02,740 | INFO | src.vejrdata.api_clients.base | API GET https://climate.spac.dk/api/records -> 200
2026-03-16 11:32:43,918 | INFO | src.vejrdata.api_clients.base | API GET https://climate.spac.dk/api/records -> 200
2026-03-16 12:22:37,401 | INFO | src.vejrdata.api_clients.base | API GET https://climate.spac.dk/api/records -> 200
2026-03-16 12:24:54,687 | INFO | src.vejrdata.api_clients.base | API GET https://climate.spac.dk/api/records -> 200
2026-03-16 12:27:05,498 | INFO | src.vejrdata.api_clients.base | API GET https://climate.spac.dk/api/records -> 200
2026-03-16 12:27:38,445 | INFO | src.vejrdata.api_clients.base | API GET https://climate.spac.dk/api/records -> 200
2026-03-16 12:28:00,346 | INFO | src.vejrdata.api_clients.base | API GET https://climate.spac.dk/api/records -> 200
2026-03-16 12:30:21,869 | INFO | src.vejrdata.api_clients.base | API GET https://climate.spac.dk/api/records -> 200
2026-03-16 12:32:59,613 | INFO | src.vejrdata.api_clients.base | API GET https://climate.spac.dk/api/records -> 200
2026-03-16 12:33:44,806 | INFO | src.vejrdata.api_clients.base | API GET https://climate.spac.dk/api/records -> 200
2026-03-16 12:36:20,691 | INFO | src.vejrdata.api_clients.base | API GET https://climate.spac.dk/api/records -> 200
2026-03-16 12:37:21,019 | INFO | src.vejrdata.api_clients.base | API GET https://climate.spac.dk/api/records -> 200
2026-03-16 12:40:24,171 | INFO | src.vejrdata.api_clients.base | API GET https://opendataapi.dmi.dk/v2/metObs/collections/observation/items -> 200
2026-03-16 12:43:51,787 | INFO | src.vejrdata.api_clients.base | API GET https://opendataapi.dmi.dk/v2/metObs/collections/observation/items -> 200
2026-03-16 12:44:45,617 | INFO | src.vejrdata.api_clients.base | API GET https://opendataapi.dmi.dk/v2/metObs/collections/observation/items -> 200
2026-03-16 12:45:32,818 | INFO | src.vejrdata.api_clients.base | API GET https://opendataapi.dmi.dk/v2/metObs/collections/observation/items -> 200
2026-03-16 12:47:15,487 | INFO | src.vejrdata.api_clients.base | API GET https://opendataapi.dmi.dk/v2/metObs/collections/observation/items -> 200
2026-03-16 12:47:26,004 | INFO | src.vejrdata.api_clients.base | API GET https://opendataapi.dmi.dk/v2/metObs/collections/observation/items -> 200
2026-03-16 12:47:36,504 | INFO | src.vejrdata.api_clients.base | API GET https://opendataapi.dmi.dk/v2/metObs/collections/observation/items -> 200
2026-03-16 12:47:46,993 | INFO | src.vejrdata.api_clients.base | API GET https://opendataapi.dmi.dk/v2/metObs/collections/observation/items -> 200
2026-03-16 12:47:57,485 | INFO | src.vejrdata.api_clients.base | API GET https://opendataapi.dmi.dk/v2/metObs/collections/observation/items -> 200
2026-03-16 12:48:07,977 | INFO | src.vejrdata.api_clients.base | API GET https://opendataapi.dmi.dk/v2/metObs/collections/observation/items -> 200
2026-03-16 12:48:18,462 | INFO | src.vejrdata.api_clients.base | API GET https://opendataapi.dmi.dk/v2/metObs/collections/observation/items -> 200
2026-03-16 12:48:28,928 | INFO | src.vejrdata.api_clients.base | API GET https://opendataapi.dmi.dk/v2/metObs/collections/observation/items -> 200
2026-03-16 12:48:39,401 | INFO | src.vejrdata.api_clients.base | API GET https://opendataapi.dmi.dk/v2/metObs/collections/observation/items -> 200
2026-03-16 12:48:49,901 | INFO | src.vejrdata.api_clients.base | API GET https://opendataapi.dmi.dk/v2/metObs/collections/observation/items -> 200
2026-03-16 12:49:00,468 | INFO | src.vejrdata.api_clients.base | API GET https://opendataapi.dmi.dk/v2/metObs/collections/observation/items -> 200
2026-03-16 13:59:30,927 | INFO | src.vejrdata.api_clients.base | API GET https://opendataapi.dmi.dk/v2/metObs/collections/observation/items -> 200
2026-03-16 14:00:17,599 | INFO | src.vejrdata.api_clients.base | API GET https://opendataapi.dmi.dk/v2/metObs/collections/observation/items -> 200
2026-03-16 14:01:03,477 | INFO | src.vejrdata.api_clients.base | API GET https://opendataapi.dmi.dk/v2/metObs/collections/observation/items -> 200
2026-03-16 14:01:13,934 | INFO | src.vejrdata.api_clients.base | API GET https://opendataapi.dmi.dk/v2/metObs/collections/observation/items -> 200
2026-03-16 14:01:24,682 | INFO | src.vejrdata.api_clients.base | API GET https://opendataapi.dmi.dk/v2/metObs/collections/observation/items -> 200
2026-03-16 14:01:35,156 | INFO | src.vejrdata.api_clients.base | API GET https://opendataapi.dmi.dk/v2/metObs/collections/observation/items -> 200
2026-03-16 14:01:45,703 | INFO | src.vejrdata.api_clients.base | API GET https://opendataapi.dmi.dk/v2/metObs/collections/observation/items -> 200
2026-03-16 14:01:56,165 | INFO | src.vejrdata.api_clients.base | API GET https://opendataapi.dmi.dk/v2/metObs/collections/observation/items -> 200
2026-03-16 14:02:06,675 | INFO | src.vejrdata.api_clients.base | API GET https://opendataapi.dmi.dk/v2/metObs/collections/observation/items -> 200
2026-03-16 14:34:28,262 | INFO | src.vejrdata.api_clients.base | API GET https://opendataapi.dmi.dk/v2/metObs/collections/observation/items -> 200
2026-03-16 14:34:28,728 | INFO | src.vejrdata.api_clients.base | API GET https://opendataapi.dmi.dk/v2/metObs/collections/observation/items -> 200
2026-03-16 14:34:38,752 | INFO | src.vejrdata.api_clients.base | API GET https://opendataapi.dmi.dk/v2/metObs/collections/observation/items -> 200
2026-03-16 14:34:39,251 | INFO | src.vejrdata.api_clients.base | API GET https://opendataapi.dmi.dk/v2/metObs/collections/observation/items -> 200
2026-03-16 14:34:49,291 | INFO | src.vejrdata.api_clients.base | API GET https://opendataapi.dmi.dk/v2/metObs/collections/observation/items -> 200
2026-03-16 14:34:49,758 | INFO | src.vejrdata.api_clients.base | API GET https://opendataapi.dmi.dk/v2/metObs/collections/observation/items -> 200
2026-03-16 14:34:59,752 | INFO | src.vejrdata.api_clients.base | API GET https://opendataapi.dmi.dk/v2/metObs/collections/observation/items -> 200
2026-03-16 14:35:00,264 | INFO | src.vejrdata.api_clients.base | API GET https://opendataapi.dmi.dk/v2/metObs/collections/observation/items -> 200
2026-03-16 14:35:10,271 | INFO | src.vejrdata.api_clients.base | API GET https://opendataapi.dmi.dk/v2/metObs/collections/observation/items -> 200
2026-03-16 14:35:10,802 | INFO | src.vejrdata.api_clients.base | API GET https://opendataapi.dmi.dk/v2/metObs/collections/observation/items -> 200
2026-03-16 14:35:20,810 | INFO | src.vejrdata.api_clients.base | API GET https://opendataapi.dmi.dk/v2/metObs/collections/observation/items -> 200
2026-03-16 14:35:21,307 | INFO | src.vejrdata.api_clients.base | API GET https://opendataapi.dmi.dk/v2/metObs/collections/observation/items -> 200
2026-03-16 14:35:31,327 | INFO | src.vejrdata.api_clients.base | API GET https://opendataapi.dmi.dk/v2/metObs/collections/observation/items -> 200
2026-03-16 14:35:31,791 | INFO | src.vejrdata.api_clients.base | API GET https://opendataapi.dmi.dk/v2/metObs/collections/observation/items -> 200
2026-03-16 14:35:41,872 | INFO | src.vejrdata.api_clients.base | API GET https://opendataapi.dmi.dk/v2/metObs/collections/observation/items -> 200
2026-03-16 14:35:42,401 | INFO | src.vejrdata.api_clients.base | API GET https://opendataapi.dmi.dk/v2/metObs/collections/observation/items -> 200
2026-03-16 14:35:52,405 | INFO | src.vejrdata.api_clients.base | API GET https://opendataapi.dmi.dk/v2/metObs/collections/observation/items -> 200
2026-03-16 14:35:52,890 | INFO | src.vejrdata.api_clients.base | API GET https://opendataapi.dmi.dk/v2/metObs/collections/observation/items -> 200
2026-03-16 14:36:02,906 | INFO | src.vejrdata.api_clients.base | API GET https://opendataapi.dmi.dk/v2/metObs/collections/observation/items -> 200
2026-03-16 14:36:03,383 | INFO | src.vejrdata.api_clients.base | API GET https://opendataapi.dmi.dk/v2/metObs/collections/observation/items -> 200
2026-03-16 14:36:13,393 | INFO | src.vejrdata.api_clients.base | API GET https://opendataapi.dmi.dk/v2/metObs/collections/observation/items -> 200
2026-03-16 14:36:13,854 | INFO | src.vejrdata.api_clients.base | API GET https://opendataapi.dmi.dk/v2/metObs/collections/observation/items -> 200
2026-03-16 14:36:23,970 | INFO | src.vejrdata.api_clients.base | API GET https://opendataapi.dmi.dk/v2/metObs/collections/observation/items -> 200
2026-03-16 14:36:24,425 | INFO | src.vejrdata.api_clients.base | API GET https://opendataapi.dmi.dk/v2/metObs/collections/observation/items -> 200
2026-03-16 14:36:34,459 | INFO | src.vejrdata.api_clients.base | API GET https://opendataapi.dmi.dk/v2/metObs/collections/observation/items -> 200
2026-03-16 14:36:34,992 | INFO | src.vejrdata.api_clients.base | API GET https://opendataapi.dmi.dk/v2/metObs/collections/observation/items -> 200
2026-03-16 14:36:44,965 | INFO | src.vejrdata.api_clients.base | API GET https://opendataapi.dmi.dk/v2/metObs/collections/observation/items -> 200
2026-03-16 14:36:45,456 | INFO | src.vejrdata.api_clients.base | API GET https://opendataapi.dmi.dk/v2/metObs/collections/observation/items -> 200
2026-03-16 14:36:55,466 | INFO | src.vejrdata.api_clients.base | API GET https://opendataapi.dmi.dk/v2/metObs/collections/observation/items -> 200
2026-03-16 14:36:56,016 | INFO | src.vejrdata.api_clients.base | API GET https://opendataapi.dmi.dk/v2/metObs/collections/observation/items -> 200
2026-03-16 14:37:06,015 | INFO | src.vejrdata.api_clients.base | API GET https://opendataapi.dmi.dk/v2/metObs/collections/observation/items -> 200
2026-03-16 14:37:06,488 | INFO | src.vejrdata.api_clients.base | API GET https://opendataapi.dmi.dk/v2/metObs/collections/observation/items -> 200
2026-03-16 14:37:16,526 | INFO | src.vejrdata.api_clients.base | API GET https://opendataapi.dmi.dk/v2/metObs/collections/observation/items -> 200
2026-03-16 14:37:17,058 | INFO | src.vejrdata.api_clients.base | API GET https://opendataapi.dmi.dk/v2/metObs/collections/observation/items -> 200
2026-03-16 14:37:27,077 | INFO | src.vejrdata.api_clients.base | API GET https://opendataapi.dmi.dk/v2/metObs/collections/observation/items -> 200
2026-03-16 14:37:27,599 | INFO | src.vejrdata.api_clients.base | API GET https://opendataapi.dmi.dk/v2/metObs/collections/observation/items -> 200
2026-03-16 14:37:37,589 | INFO | src.vejrdata.api_clients.base | API GET https://opendataapi.dmi.dk/v2/metObs/collections/observation/items -> 200
2026-03-16 14:37:38,088 | INFO | src.vejrdata.api_clients.base | API GET https://opendataapi.dmi.dk/v2/metObs/collections/observation/items -> 200
2026-03-16 14:37:48,077 | INFO | src.vejrdata.api_clients.base | API GET https://opendataapi.dmi.dk/v2/metObs/collections/observation/items -> 200
2026-03-16 14:37:48,560 | INFO | src.vejrdata.api_clients.base | API GET https://opendataapi.dmi.dk/v2/metObs/collections/observation/items -> 200
2026-03-16 14:37:58,668 | INFO | src.vejrdata.api_clients.base | API GET https://opendataapi.dmi.dk/v2/metObs/collections/observation/items -> 200
2026-03-16 14:37:59,151 | INFO | src.vejrdata.api_clients.base | API GET https://opendataapi.dmi.dk/v2/metObs/collections/observation/items -> 200
2026-03-16 14:38:09,131 | INFO | src.vejrdata.api_clients.base | API GET https://opendataapi.dmi.dk/v2/metObs/collections/observation/items -> 200
2026-03-16 14:38:09,649 | INFO | src.vejrdata.api_clients.base | API GET https://opendataapi.dmi.dk/v2/metObs/collections/observation/items -> 200
2026-03-16 14:38:19,610 | INFO | src.vejrdata.api_clients.base | API GET https://opendataapi.dmi.dk/v2/metObs/collections/observation/items -> 200
2026-03-16 14:38:20,140 | INFO | src.vejrdata.api_clients.base | API GET https://opendataapi.dmi.dk/v2/metObs/collections/observation/items -> 200
2026-03-16 14:38:30,400 | INFO | src.vejrdata.api_clients.base | API GET https://opendataapi.dmi.dk/v2/metObs/collections/observation/items -> 200
2026-03-16 14:38:30,926 | INFO | src.vejrdata.api_clients.base | API GET https://opendataapi.dmi.dk/v2/metObs/collections/observation/items -> 200
2026-03-16 14:38:40,977 | INFO | src.vejrdata.api_clients.base | API GET https://opendataapi.dmi.dk/v2/metObs/collections/observation/items -> 200
2026-03-16 14:38:41,453 | INFO | src.vejrdata.api_clients.base | API GET https://opendataapi.dmi.dk/v2/metObs/collections/observation/items -> 200
2026-03-16 14:38:51,456 | INFO | src.vejrdata.api_clients.base | API GET https://opendataapi.dmi.dk/v2/metObs/collections/observation/items -> 200
2026-03-16 14:38:51,920 | INFO | src.vejrdata.api_clients.base | API GET https://opendataapi.dmi.dk/v2/metObs/collections/observation/items -> 200
2026-03-16 14:39:01,950 | INFO | src.vejrdata.api_clients.base | API GET https://opendataapi.dmi.dk/v2/metObs/collections/observation/items -> 200
2026-03-16 14:39:02,485 | INFO | src.vejrdata.api_clients.base | API GET https://opendataapi.dmi.dk/v2/metObs/collections/observation/items -> 200
2026-03-16 14:39:12,460 | INFO | src.vejrdata.api_clients.base | API GET https://opendataapi.dmi.dk/v2/metObs/collections/observation/items -> 200
2026-03-16 14:39:12,974 | INFO | src.vejrdata.api_clients.base | API GET https://opendataapi.dmi.dk/v2/metObs/collections/observation/items -> 200
2026-03-16 14:39:22,942 | INFO | src.vejrdata.api_clients.base | API GET https://opendataapi.dmi.dk/v2/metObs/collections/observation/items -> 200
2026-03-16 14:39:23,457 | INFO | src.vejrdata.api_clients.base | API GET https://opendataapi.dmi.dk/v2/metObs/collections/observation/items -> 200
2026-03-16 14:39:33,421 | INFO | src.vejrdata.api_clients.base | API GET https://opendataapi.dmi.dk/v2/metObs/collections/observation/items -> 200
2026-03-16 14:39:34,000 | INFO | src.vejrdata.api_clients.base | API GET https://opendataapi.dmi.dk/v2/metObs/collections/observation/items -> 200
2026-03-16 14:39:44,049 | INFO | src.vejrdata.api_clients.base | API GET https://opendataapi.dmi.dk/v2/metObs/collections/observation/items -> 200
2026-03-16 14:39:44,898 | INFO | src.vejrdata.api_clients.base | API GET https://opendataapi.dmi.dk/v2/metObs/collections/observation/items -> 200
2026-03-16 14:39:55,731 | INFO | src.vejrdata.api_clients.base | API GET https://opendataapi.dmi.dk/v2/metObs/collections/observation/items -> 200
2026-03-16 14:39:56,197 | INFO | src.vejrdata.api_clients.base | API GET https://opendataapi.dmi.dk/v2/metObs/collections/observation/items -> 200
2026-03-16 14:40:06,264 | INFO | src.vejrdata.api_clients.base | API GET https://opendataapi.dmi.dk/v2/metObs/collections/observation/items -> 200
2026-03-16 14:40:06,734 | INFO | src.vejrdata.api_clients.base | API GET https://opendataapi.dmi.dk/v2/metObs/collections/observation/items -> 200
2026-03-16 14:40:16,752 | INFO | src.vejrdata.api_clients.base | API GET https://opendataapi.dmi.dk/v2/metObs/collections/observation/items -> 200
2026-03-16 14:40:17,221 | INFO | src.vejrdata.api_clients.base | API GET https://opendataapi.dmi.dk/v2/metObs/collections/observation/items -> 200
2026-03-16 14:40:27,249 | INFO | src.vejrdata.api_clients.base | API GET https://opendataapi.dmi.dk/v2/metObs/collections/observation/items -> 200
2026-03-16 14:40:27,710 | INFO | src.vejrdata.api_clients.base | API GET https://opendataapi.dmi.dk/v2/metObs/collections/observation/items -> 200
2026-03-16 14:40:37,725 | INFO | src.vejrdata.api_clients.base | API GET https://opendataapi.dmi.dk/v2/metObs/collections/observation/items -> 200
2026-03-16 14:40:38,198 | INFO | src.vejrdata.api_clients.base | API GET https://opendataapi.dmi.dk/v2/metObs/collections/observation/items -> 200
2026-03-16 14:40:48,388 | INFO | src.vejrdata.api_clients.base | API GET https://opendataapi.dmi.dk/v2/metObs/collections/observation/items -> 200
2026-03-16 14:40:48,906 | INFO | src.vejrdata.api_clients.base | API GET https://opendataapi.dmi.dk/v2/metObs/collections/observation/items -> 200
2026-03-16 14:40:58,916 | INFO | src.vejrdata.api_clients.base | API GET https://opendataapi.dmi.dk/v2/metObs/collections/observation/items -> 200
2026-03-16 14:40:59,408 | INFO | src.vejrdata.api_clients.base | API GET https://opendataapi.dmi.dk/v2/metObs/collections/observation/items -> 200
2026-03-16 14:41:09,558 | INFO | src.vejrdata.api_clients.base | API GET https://opendataapi.dmi.dk/v2/metObs/collections/observation/items -> 200
2026-03-16 14:41:10,094 | INFO | src.vejrdata.api_clients.base | API GET https://opendataapi.dmi.dk/v2/metObs/collections/observation/items -> 200
2026-03-16 14:41:20,079 | INFO | src.vejrdata.api_clients.base | API GET https://opendataapi.dmi.dk/v2/metObs/collections/observation/items -> 200
2026-03-16 14:41:20,571 | INFO | src.vejrdata.api_clients.base | API GET https://opendataapi.dmi.dk/v2/metObs/collections/observation/items -> 200
2026-03-16 14:41:30,585 | INFO | src.vejrdata.api_clients.base | API GET https://opendataapi.dmi.dk/v2/metObs/collections/observation/items -> 200
2026-03-16 14:41:31,084 | INFO | src.vejrdata.api_clients.base | API GET https://opendataapi.dmi.dk/v2/metObs/collections/observation/items -> 200
2026-03-16 14:41:41,136 | INFO | src.vejrdata.api_clients.base | API GET https://opendataapi.dmi.dk/v2/metObs/collections/observation/items -> 200
2026-03-16 14:41:41,684 | INFO | src.vejrdata.api_clients.base | API GET https://opendataapi.dmi.dk/v2/metObs/collections/observation/items -> 200
2026-03-16 14:41:51,704 | INFO | src.vejrdata.api_clients.base | API GET https://opendataapi.dmi.dk/v2/metObs/collections/observation/items -> 200
2026-03-16 14:41:52,272 | INFO | src.vejrdata.api_clients.base | API GET https://opendataapi.dmi.dk/v2/metObs/collections/observation/items -> 200
2026-03-16 14:42:02,267 | INFO | src.vejrdata.api_clients.base | API GET https://opendataapi.dmi.dk/v2/metObs/collections/observation/items -> 200
2026-03-16 14:42:02,746 | INFO | src.vejrdata.api_clients.base | API GET https://opendataapi.dmi.dk/v2/metObs/collections/observation/items -> 200
2026-03-16 14:42:12,758 | INFO | src.vejrdata.api_clients.base | API GET https://opendataapi.dmi.dk/v2/metObs/collections/observation/items -> 200
2026-03-16 14:42:13,309 | INFO | src.vejrdata.api_clients.base | API GET https://opendataapi.dmi.dk/v2/metObs/collections/observation/items -> 200
2026-03-16 14:42:23,355 | INFO | src.vejrdata.api_clients.base | API GET https://opendataapi.dmi.dk/v2/metObs/collections/observation/items -> 200
2026-03-16 14:42:23,841 | INFO | src.vejrdata.api_clients.base | API GET https://opendataapi.dmi.dk/v2/metObs/collections/observation/items -> 200
2026-03-16 14:42:33,842 | INFO | src.vejrdata.api_clients.base | API GET https://opendataapi.dmi.dk/v2/metObs/collections/observation/items -> 200
2026-03-16 14:42:34,308 | INFO | src.vejrdata.api_clients.base | API GET https://opendataapi.dmi.dk/v2/metObs/collections/observation/items -> 200
2026-03-16 14:42:44,373 | INFO | src.vejrdata.api_clients.base | API GET https://opendataapi.dmi.dk/v2/metObs/collections/observation/items -> 200
2026-03-16 14:42:44,882 | INFO | src.vejrdata.api_clients.base | API GET https://opendataapi.dmi.dk/v2/metObs/collections/observation/items -> 200
2026-03-16 14:42:54,948 | INFO | src.vejrdata.api_clients.base | API GET https://opendataapi.dmi.dk/v2/metObs/collections/observation/items -> 200
2026-03-16 14:42:55,541 | INFO | src.vejrdata.api_clients.base | API GET https://opendataapi.dmi.dk/v2/metObs/collections/observation/items -> 200
2026-03-16 14:43:05,585 | INFO | src.vejrdata.api_clients.base | API GET https://opendataapi.dmi.dk/v2/metObs/collections/observation/items -> 200
2026-03-16 14:43:06,181 | INFO | src.vejrdata.api_clients.base | API GET https://opendataapi.dmi.dk/v2/metObs/collections/observation/items -> 200
2026-03-16 14:43:16,065 | INFO | src.vejrdata.api_clients.base | API GET https://opendataapi.dmi.dk/v2/metObs/collections/observation/items -> 200
2026-03-16 14:43:16,676 | INFO | src.vejrdata.api_clients.base | API GET https://opendataapi.dmi.dk/v2/metObs/collections/observation/items -> 200
2026-03-16 14:43:26,623 | INFO | src.vejrdata.api_clients.base | API GET https://opendataapi.dmi.dk/v2/metObs/collections/observation/items -> 200
2026-03-16 14:43:27,146 | INFO | src.vejrdata.api_clients.base | API GET https://opendataapi.dmi.dk/v2/metObs/collections/observation/items -> 200
2026-03-16 14:43:37,196 | INFO | src.vejrdata.api_clients.base | API GET https://opendataapi.dmi.dk/v2/metObs/collections/observation/items -> 200
2026-03-16 14:43:37,736 | INFO | src.vejrdata.api_clients.base | API GET https://opendataapi.dmi.dk/v2/metObs/collections/observation/items -> 200
2026-03-16 14:43:47,723 | INFO | src.vejrdata.api_clients.base | API GET https://opendataapi.dmi.dk/v2/metObs/collections/observation/items -> 200
2026-03-16 14:43:48,263 | INFO | src.vejrdata.api_clients.base | API GET https://opendataapi.dmi.dk/v2/metObs/collections/observation/items -> 200
2026-03-16 14:43:58,203 | INFO | src.vejrdata.api_clients.base | API GET https://opendataapi.dmi.dk/v2/metObs/collections/observation/items -> 200
2026-03-16 14:43:58,718 | INFO | src.vejrdata.api_clients.base | API GET https://opendataapi.dmi.dk/v2/metObs/collections/observation/items -> 200
2026-03-16 14:44:08,877 | INFO | src.vejrdata.api_clients.base | API GET https://opendataapi.dmi.dk/v2/metObs/collections/observation/items -> 200
2026-03-16 14:44:09,405 | INFO | src.vejrdata.api_clients.base | API GET https://opendataapi.dmi.dk/v2/metObs/collections/observation/items -> 200
2026-03-16 14:44:19,428 | INFO | src.vejrdata.api_clients.base | API GET https://opendataapi.dmi.dk/v2/metObs/collections/observation/items -> 200
2026-03-16 14:44:19,970 | INFO | src.vejrdata.api_clients.base | API GET https://opendataapi.dmi.dk/v2/metObs/collections/observation/items -> 200
2026-03-16 14:44:29,992 | INFO | src.vejrdata.api_clients.base | API GET https://opendataapi.dmi.dk/v2/metObs/collections/observation/items -> 200
2026-03-16 14:44:30,523 | INFO | src.vejrdata.api_clients.base | API GET https://opendataapi.dmi.dk/v2/metObs/collections/observation/items -> 200
2026-03-16 14:44:40,528 | INFO | src.vejrdata.api_clients.base | API GET https://opendataapi.dmi.dk/v2/metObs/collections/observation/items -> 200
2026-03-16 14:44:41,000 | INFO | src.vejrdata.api_clients.base | API GET https://opendataapi.dmi.dk/v2/metObs/collections/observation/items -> 200
2026-03-16 14:44:51,089 | INFO | src.vejrdata.api_clients.base | API GET https://opendataapi.dmi.dk/v2/metObs/collections/observation/items -> 200
2026-03-16 14:44:51,623 | INFO | src.vejrdata.api_clients.base | API GET https://opendataapi.dmi.dk/v2/metObs/collections/observation/items -> 200
2026-03-16 14:45:01,660 | INFO | src.vejrdata.api_clients.base | API GET https://opendataapi.dmi.dk/v2/metObs/collections/observation/items -> 200
2026-03-16 14:45:02,136 | INFO | src.vejrdata.api_clients.base | API GET https://opendataapi.dmi.dk/v2/metObs/collections/observation/items -> 200
2026-03-16 14:45:12,156 | INFO | src.vejrdata.api_clients.base | API GET https://opendataapi.dmi.dk/v2/metObs/collections/observation/items -> 200
2026-03-16 14:45:12,708 | INFO | src.vejrdata.api_clients.base | API GET https://opendataapi.dmi.dk/v2/metObs/collections/observation/items -> 200
2026-03-16 14:45:22,715 | INFO | src.vejrdata.api_clients.base | API GET https://opendataapi.dmi.dk/v2/metObs/collections/observation/items -> 200
2026-03-16 14:45:23,228 | INFO | src.vejrdata.api_clients.base | API GET https://opendataapi.dmi.dk/v2/metObs/collections/observation/items -> 200
2026-03-16 14:45:33,516 | INFO | src.vejrdata.api_clients.base | API GET https://opendataapi.dmi.dk/v2/metObs/collections/observation/items -> 200
2026-03-16 14:45:34,065 | INFO | src.vejrdata.api_clients.base | API GET https://opendataapi.dmi.dk/v2/metObs/collections/observation/items -> 200
2026-03-16 14:45:44,160 | INFO | src.vejrdata.api_clients.base | API GET https://opendataapi.dmi.dk/v2/metObs/collections/observation/items -> 200
2026-03-16 14:45:44,758 | INFO | src.vejrdata.api_clients.base | API GET https://opendataapi.dmi.dk/v2/metObs/collections/observation/items -> 200
2026-03-16 14:45:54,666 | INFO | src.vejrdata.api_clients.base | API GET https://opendataapi.dmi.dk/v2/metObs/collections/observation/items -> 200
2026-03-16 14:45:55,272 | INFO | src.vejrdata.api_clients.base | API GET https://opendataapi.dmi.dk/v2/metObs/collections/observation/items -> 200
2026-03-16 14:46:05,251 | INFO | src.vejrdata.api_clients.base | API GET https://opendataapi.dmi.dk/v2/metObs/collections/observation/items -> 200
2026-03-16 14:46:05,725 | INFO | src.vejrdata.api_clients.base | API GET https://opendataapi.dmi.dk/v2/metObs/collections/observation/items -> 200
2026-03-16 14:46:15,779 | INFO | src.vejrdata.api_clients.base | API GET https://opendataapi.dmi.dk/v2/metObs/collections/observation/items -> 200
2026-03-16 14:46:16,326 | INFO | src.vejrdata.api_clients.base | API GET https://opendataapi.dmi.dk/v2/metObs/collections/observation/items -> 200
2026-03-16 14:46:26,321 | INFO | src.vejrdata.api_clients.base | API GET https://opendataapi.dmi.dk/v2/metObs/collections/observation/items -> 200
2026-03-16 14:46:26,887 | INFO | src.vejrdata.api_clients.base | API GET https://opendataapi.dmi.dk/v2/metObs/collections/observation/items -> 200
2026-03-16 14:46:36,937 | INFO | src.vejrdata.api_clients.base | API GET https://opendataapi.dmi.dk/v2/metObs/collections/observation/items -> 200
2026-03-16 14:46:37,482 | INFO | src.vejrdata.api_clients.base | API GET https://opendataapi.dmi.dk/v2/metObs/collections/observation/items -> 200
2026-03-16 14:46:47,456 | INFO | src.vejrdata.api_clients.base | API GET https://opendataapi.dmi.dk/v2/metObs/collections/observation/items -> 200
2026-03-16 14:46:47,982 | INFO | src.vejrdata.api_clients.base | API GET https://opendataapi.dmi.dk/v2/metObs/collections/observation/items -> 200
2026-03-16 14:46:58,003 | INFO | src.vejrdata.api_clients.base | API GET https://opendataapi.dmi.dk/v2/metObs/collections/observation/items -> 200
2026-03-16 14:46:58,602 | INFO | src.vejrdata.api_clients.base | API GET https://opendataapi.dmi.dk/v2/metObs/collections/observation/items -> 200
2026-03-16 14:47:08,566 | INFO | src.vejrdata.api_clients.base | API GET https://opendataapi.dmi.dk/v2/metObs/collections/observation/items -> 200
2026-03-16 14:47:09,113 | INFO | src.vejrdata.api_clients.base | API GET https://opendataapi.dmi.dk/v2/metObs/collections/observation/items -> 200
2026-03-16 14:47:19,109 | INFO | src.vejrdata.api_clients.base | API GET https://opendataapi.dmi.dk/v2/metObs/collections/observation/items -> 200
2026-03-16 14:47:19,579 | INFO | src.vejrdata.api_clients.base | API GET https://opendataapi.dmi.dk/v2/metObs/collections/observation/items -> 200
2026-03-16 14:47:29,703 | INFO | src.vejrdata.api_clients.base | API GET https://opendataapi.dmi.dk/v2/metObs/collections/observation/items -> 200
2026-03-16 14:47:30,179 | INFO | src.vejrdata.api_clients.base | API GET https://opendataapi.dmi.dk/v2/metObs/collections/observation/items -> 200
2026-03-16 14:47:40,234 | INFO | src.vejrdata.api_clients.base | API GET https://opendataapi.dmi.dk/v2/metObs/collections/observation/items -> 200
2026-03-16 14:47:40,692 | INFO | src.vejrdata.api_clients.base | API GET https://opendataapi.dmi.dk/v2/metObs/collections/observation/items -> 200
2026-03-16 14:47:50,743 | INFO | src.vejrdata.api_clients.base | API GET https://opendataapi.dmi.dk/v2/metObs/collections/observation/items -> 200
2026-03-16 14:47:51,221 | INFO | src.vejrdata.api_clients.base | API GET https://opendataapi.dmi.dk/v2/metObs/collections/observation/items -> 200
2026-03-16 14:48:01,323 | INFO | src.vejrdata.api_clients.base | API GET https://opendataapi.dmi.dk/v2/metObs/collections/observation/items -> 200
2026-03-16 14:48:01,809 | INFO | src.vejrdata.api_clients.base | API GET https://opendataapi.dmi.dk/v2/metObs/collections/observation/items -> 200
2026-03-16 14:48:11,926 | INFO | src.vejrdata.api_clients.base | API GET https://opendataapi.dmi.dk/v2/metObs/collections/observation/items -> 200
2026-03-16 14:48:12,489 | INFO | src.vejrdata.api_clients.base | API GET https://opendataapi.dmi.dk/v2/metObs/collections/observation/items -> 200
2026-03-16 14:48:22,505 | INFO | src.vejrdata.api_clients.base | API GET https://opendataapi.dmi.dk/v2/metObs/collections/observation/items -> 200
2026-03-16 14:48:23,073 | INFO | src.vejrdata.api_clients.base | API GET https://opendataapi.dmi.dk/v2/metObs/collections/observation/items -> 200
2026-03-16 14:48:33,047 | INFO | src.vejrdata.api_clients.base | API GET https://opendataapi.dmi.dk/v2/metObs/collections/observation/items -> 200
2026-03-16 14:48:33,541 | INFO | src.vejrdata.api_clients.base | API GET https://opendataapi.dmi.dk/v2/metObs/collections/observation/items -> 200
2026-03-16 14:48:43,518 | INFO | src.vejrdata.api_clients.base | API GET https://opendataapi.dmi.dk/v2/metObs/collections/observation/items -> 200
2026-03-16 14:48:44,017 | INFO | src.vejrdata.api_clients.base | API GET https://opendataapi.dmi.dk/v2/metObs/collections/observation/items -> 200
2026-03-16 14:48:54,042 | INFO | src.vejrdata.api_clients.base | API GET https://opendataapi.dmi.dk/v2/metObs/collections/observation/items -> 200
2026-03-16 14:48:54,532 | INFO | src.vejrdata.api_clients.base | API GET https://opendataapi.dmi.dk/v2/metObs/collections/observation/items -> 200
2026-03-16 14:49:04,537 | INFO | src.vejrdata.api_clients.base | API GET https://opendataapi.dmi.dk/v2/metObs/collections/observation/items -> 200
2026-03-16 14:49:05,005 | INFO | src.vejrdata.api_clients.base | API GET https://opendataapi.dmi.dk/v2/metObs/collections/observation/items -> 200
2026-03-16 14:49:15,188 | INFO | src.vejrdata.api_clients.base | API GET https://opendataapi.dmi.dk/v2/metObs/collections/observation/items -> 200
2026-03-16 14:49:15,699 | INFO | src.vejrdata.api_clients.base | API GET https://opendataapi.dmi.dk/v2/metObs/collections/observation/items -> 200
2026-03-16 14:49:25,679 | INFO | src.vejrdata.api_clients.base | API GET https://opendataapi.dmi.dk/v2/metObs/collections/observation/items -> 200
2026-03-16 14:49:26,277 | INFO | src.vejrdata.api_clients.base | API GET https://opendataapi.dmi.dk/v2/metObs/collections/observation/items -> 200
2026-03-16 14:49:36,211 | INFO | src.vejrdata.api_clients.base | API GET https://opendataapi.dmi.dk/v2/metObs/collections/observation/items -> 200
2026-03-16 14:49:36,797 | INFO | src.vejrdata.api_clients.base | API GET https://opendataapi.dmi.dk/v2/metObs/collections/observation/items -> 200
2026-03-16 14:49:46,712 | INFO | src.vejrdata.api_clients.base | API GET https://opendataapi.dmi.dk/v2/metObs/collections/observation/items -> 200
2026-03-16 14:49:47,298 | INFO | src.vejrdata.api_clients.base | API GET https://opendataapi.dmi.dk/v2/metObs/collections/observation/items -> 200
2026-03-16 14:49:57,190 | INFO | src.vejrdata.api_clients.base | API GET https://opendataapi.dmi.dk/v2/metObs/collections/observation/items -> 200
2026-03-16 14:49:57,797 | INFO | src.vejrdata.api_clients.base | API GET https://opendataapi.dmi.dk/v2/metObs/collections/observation/items -> 200
2026-03-16 14:50:07,760 | INFO | src.vejrdata.api_clients.base | API GET https://opendataapi.dmi.dk/v2/metObs/collections/observation/items -> 200
2026-03-16 14:50:08,319 | INFO | src.vejrdata.api_clients.base | API GET https://opendataapi.dmi.dk/v2/metObs/collections/observation/items -> 200
2026-03-16 14:50:18,329 | INFO | src.vejrdata.api_clients.base | API GET https://opendataapi.dmi.dk/v2/metObs/collections/observation/items -> 200
2026-03-16 14:50:18,868 | INFO | src.vejrdata.api_clients.base | API GET https://opendataapi.dmi.dk/v2/metObs/collections/observation/items -> 200
2026-03-16 14:50:30,352 | INFO | src.vejrdata.api_clients.base | API GET https://opendataapi.dmi.dk/v2/metObs/collections/observation/items -> 200
2026-03-16 14:50:31,293 | INFO | src.vejrdata.api_clients.base | API GET https://opendataapi.dmi.dk/v2/metObs/collections/observation/items -> 200
2026-03-16 14:50:44,983 | INFO | src.vejrdata.api_clients.base | API GET https://opendataapi.dmi.dk/v2/metObs/collections/observation/items -> 200
2026-03-16 14:50:45,463 | INFO | src.vejrdata.api_clients.base | API GET https://opendataapi.dmi.dk/v2/metObs/collections/observation/items -> 200
2026-03-16 14:50:55,491 | INFO | src.vejrdata.api_clients.base | API GET https://opendataapi.dmi.dk/v2/metObs/collections/observation/items -> 200
2026-03-16 14:50:56,079 | INFO | src.vejrdata.api_clients.base | API GET https://opendataapi.dmi.dk/v2/metObs/collections/observation/items -> 200
2026-03-16 14:51:05,993 | INFO | src.vejrdata.api_clients.base | API GET https://opendataapi.dmi.dk/v2/metObs/collections/observation/items -> 200
2026-03-16 14:51:06,629 | INFO | src.vejrdata.api_clients.base | API GET https://opendataapi.dmi.dk/v2/metObs/collections/observation/items -> 200
2026-03-16 14:51:16,515 | INFO | src.vejrdata.api_clients.base | API GET https://opendataapi.dmi.dk/v2/metObs/collections/observation/items -> 200
2026-03-16 14:51:17,221 | INFO | src.vejrdata.api_clients.base | API GET https://opendataapi.dmi.dk/v2/metObs/collections/observation/items -> 200
2026-03-16 14:51:27,176 | INFO | src.vejrdata.api_clients.base | API GET https://opendataapi.dmi.dk/v2/metObs/collections/observation/items -> 200
2026-03-16 14:51:27,786 | INFO | src.vejrdata.api_clients.base | API GET https://opendataapi.dmi.dk/v2/metObs/collections/observation/items -> 200
2026-03-16 14:51:58,138 | INFO | src.vejrdata.api_clients.base | API GET https://opendataapi.dmi.dk/v2/metObs/collections/observation/items -> 200
2026-03-16 14:51:58,955 | INFO | src.vejrdata.api_clients.base | API GET https://opendataapi.dmi.dk/v2/metObs/collections/observation/items -> 200
2026-03-16 14:52:09,075 | INFO | src.vejrdata.api_clients.base | API GET https://opendataapi.dmi.dk/v2/metObs/collections/observation/items -> 200
2026-03-16 14:52:09,863 | INFO | src.vejrdata.api_clients.base | API GET https://opendataapi.dmi.dk/v2/metObs/collections/observation/items -> 200
2026-03-16 14:52:19,905 | INFO | src.vejrdata.api_clients.base | API GET https://opendataapi.dmi.dk/v2/metObs/collections/observation/items -> 200
2026-03-16 14:52:20,701 | INFO | src.vejrdata.api_clients.base | API GET https://opendataapi.dmi.dk/v2/metObs/collections/observation/items -> 200
2026-03-16 14:52:30,785 | INFO | src.vejrdata.api_clients.base | API GET https://opendataapi.dmi.dk/v2/metObs/collections/observation/items -> 200
2026-03-16 14:52:31,704 | INFO | src.vejrdata.api_clients.base | API GET https://opendataapi.dmi.dk/v2/metObs/collections/observation/items -> 200
2026-03-16 14:52:41,730 | INFO | src.vejrdata.api_clients.base | API GET https://opendataapi.dmi.dk/v2/metObs/collections/observation/items -> 200
2026-03-16 14:52:42,617 | INFO | src.vejrdata.api_clients.base | API GET https://opendataapi.dmi.dk/v2/metObs/collections/observation/items -> 200
2026-03-16 14:52:52,700 | INFO | src.vejrdata.api_clients.base | API GET https://opendataapi.dmi.dk/v2/metObs/collections/observation/items -> 200
2026-03-16 14:52:53,509 | INFO | src.vejrdata.api_clients.base | API GET https://opendataapi.dmi.dk/v2/metObs/collections/observation/items -> 200
2026-03-16 14:53:03,527 | INFO | src.vejrdata.api_clients.base | API GET https://opendataapi.dmi.dk/v2/metObs/collections/observation/items -> 200
2026-03-16 14:53:04,347 | INFO | src.vejrdata.api_clients.base | API GET https://opendataapi.dmi.dk/v2/metObs/collections/observation/items -> 200
2026-03-16 14:53:14,403 | INFO | src.vejrdata.api_clients.base | API GET https://opendataapi.dmi.dk/v2/metObs/collections/observation/items -> 200
2026-03-16 14:53:15,284 | INFO | src.vejrdata.api_clients.base | API GET https://opendataapi.dmi.dk/v2/metObs/collections/observation/items -> 200
2026-03-16 14:53:25,340 | INFO | src.vejrdata.api_clients.base | API GET https://opendataapi.dmi.dk/v2/metObs/collections/observation/items -> 200
2026-03-16 14:53:26,203 | INFO | src.vejrdata.api_clients.base | API GET https://opendataapi.dmi.dk/v2/metObs/collections/observation/items -> 200
2026-03-16 14:53:36,309 | INFO | src.vejrdata.api_clients.base | API GET https://opendataapi.dmi.dk/v2/metObs/collections/observation/items -> 200
2026-03-16 14:53:37,109 | INFO | src.vejrdata.api_clients.base | API GET https://opendataapi.dmi.dk/v2/metObs/collections/observation/items -> 200
2026-03-16 14:53:47,250 | INFO | src.vejrdata.api_clients.base | API GET https://opendataapi.dmi.dk/v2/metObs/collections/observation/items -> 200
2026-03-16 14:53:48,047 | INFO | src.vejrdata.api_clients.base | API GET https://opendataapi.dmi.dk/v2/metObs/collections/observation/items -> 200
2026-03-16 14:53:58,137 | INFO | src.vejrdata.api_clients.base | API GET https://opendataapi.dmi.dk/v2/metObs/collections/observation/items -> 200
2026-03-16 14:53:58,963 | INFO | src.vejrdata.api_clients.base | API GET https://opendataapi.dmi.dk/v2/metObs/collections/observation/items -> 200
2026-03-16 14:54:09,008 | INFO | src.vejrdata.api_clients.base | API GET https://opendataapi.dmi.dk/v2/metObs/collections/observation/items -> 200
2026-03-16 14:54:09,898 | INFO | src.vejrdata.api_clients.base | API GET https://opendataapi.dmi.dk/v2/metObs/collections/observation/items -> 200
2026-03-16 14:54:19,702 | INFO | src.vejrdata.api_clients.base | API GET https://opendataapi.dmi.dk/v2/metObs/collections/observation/items -> 200
2026-03-16 14:54:20,577 | INFO | src.vejrdata.api_clients.base | API GET https://opendataapi.dmi.dk/v2/metObs/collections/observation/items -> 200
2026-03-16 14:54:30,499 | INFO | src.vejrdata.api_clients.base | API GET https://opendataapi.dmi.dk/v2/metObs/collections/observation/items -> 200
2026-03-16 14:54:31,395 | INFO | src.vejrdata.api_clients.base | API GET https://opendataapi.dmi.dk/v2/metObs/collections/observation/items -> 200
2026-03-16 14:54:41,430 | INFO | src.vejrdata.api_clients.base | API GET https://opendataapi.dmi.dk/v2/metObs/collections/observation/items -> 200
2026-03-16 14:54:42,270 | INFO | src.vejrdata.api_clients.base | API GET https://opendataapi.dmi.dk/v2/metObs/collections/observation/items -> 200
2026-03-16 14:54:52,268 | INFO | src.vejrdata.api_clients.base | API GET https://opendataapi.dmi.dk/v2/metObs/collections/observation/items -> 200
2026-03-16 14:54:53,088 | INFO | src.vejrdata.api_clients.base | API GET https://opendataapi.dmi.dk/v2/metObs/collections/observation/items -> 200
2026-03-16 14:55:02,967 | INFO | src.vejrdata.api_clients.base | API GET https://opendataapi.dmi.dk/v2/metObs/collections/observation/items -> 200
2026-03-16 14:55:03,776 | INFO | src.vejrdata.api_clients.base | API GET https://opendataapi.dmi.dk/v2/metObs/collections/observation/items -> 200
2026-03-16 14:55:13,626 | INFO | src.vejrdata.api_clients.base | API GET https://opendataapi.dmi.dk/v2/metObs/collections/observation/items -> 200
2026-03-16 14:55:14,411 | INFO | src.vejrdata.api_clients.base | API GET https://opendataapi.dmi.dk/v2/metObs/collections/observation/items -> 200
2026-03-16 14:55:24,481 | INFO | src.vejrdata.api_clients.base | API GET https://opendataapi.dmi.dk/v2/metObs/collections/observation/items -> 200
2026-03-16 14:55:25,356 | INFO | src.vejrdata.api_clients.base | API GET https://opendataapi.dmi.dk/v2/metObs/collections/observation/items -> 200
2026-03-16 14:55:35,420 | INFO | src.vejrdata.api_clients.base | API GET https://opendataapi.dmi.dk/v2/metObs/collections/observation/items -> 200
2026-03-16 14:55:36,290 | INFO | src.vejrdata.api_clients.base | API GET https://opendataapi.dmi.dk/v2/metObs/collections/observation/items -> 200
2026-03-16 14:55:46,333 | INFO | src.vejrdata.api_clients.base | API GET https://opendataapi.dmi.dk/v2/metObs/collections/observation/items -> 200
2026-03-16 14:55:47,196 | INFO | src.vejrdata.api_clients.base | API GET https://opendataapi.dmi.dk/v2/metObs/collections/observation/items -> 200
2026-03-16 14:55:57,207 | INFO | src.vejrdata.api_clients.base | API GET https://opendataapi.dmi.dk/v2/metObs/collections/observation/items -> 200
2026-03-16 14:55:58,077 | INFO | src.vejrdata.api_clients.base | API GET https://opendataapi.dmi.dk/v2/metObs/collections/observation/items -> 200
2026-03-16 14:56:08,079 | INFO | src.vejrdata.api_clients.base | API GET https://opendataapi.dmi.dk/v2/metObs/collections/observation/items -> 200
2026-03-16 14:56:08,894 | INFO | src.vejrdata.api_clients.base | API GET https://opendataapi.dmi.dk/v2/metObs/collections/observation/items -> 200
2026-03-16 14:56:18,977 | INFO | src.vejrdata.api_clients.base | API GET https://opendataapi.dmi.dk/v2/metObs/collections/observation/items -> 200
2026-03-16 14:56:19,808 | INFO | src.vejrdata.api_clients.base | API GET https://opendataapi.dmi.dk/v2/metObs/collections/observation/items -> 200
2026-03-16 14:56:29,967 | INFO | src.vejrdata.api_clients.base | API GET https://opendataapi.dmi.dk/v2/metObs/collections/observation/items -> 200
2026-03-16 14:56:30,846 | INFO | src.vejrdata.api_clients.base | API GET https://opendataapi.dmi.dk/v2/metObs/collections/observation/items -> 200
2026-03-16 14:56:40,885 | INFO | src.vejrdata.api_clients.base | API GET https://opendataapi.dmi.dk/v2/metObs/collections/observation/items -> 200
2026-03-16 14:56:41,663 | INFO | src.vejrdata.api_clients.base | API GET https://opendataapi.dmi.dk/v2/metObs/collections/observation/items -> 200
2026-03-16 14:56:51,636 | INFO | src.vejrdata.api_clients.base | API GET https://opendataapi.dmi.dk/v2/metObs/collections/observation/items -> 200
2026-03-16 14:56:52,372 | INFO | src.vejrdata.api_clients.base | API GET https://opendataapi.dmi.dk/v2/metObs/collections/observation/items -> 200
2026-03-16 15:05:22,255 | INFO | src.vejrdata.api_clients.base | API GET https://opendataapi.dmi.dk/v2/metObs/collections/observation/items -> 200
2026-03-16 15:05:23,176 | INFO | src.vejrdata.api_clients.base | API GET https://opendataapi.dmi.dk/v2/metObs/collections/observation/items -> 200
2026-03-16 15:05:33,014 | INFO | src.vejrdata.api_clients.base | API GET https://opendataapi.dmi.dk/v2/metObs/collections/observation/items -> 200
2026-03-16 15:05:33,680 | INFO | src.vejrdata.api_clients.base | API GET https://opendataapi.dmi.dk/v2/metObs/collections/observation/items -> 200
2026-03-18 08:44:30,738 | INFO | src.vejrdata.api_clients.base | API GET https://opendataapi.dmi.dk/v2/metObs/collections/observation/items -> 200
2026-03-18 08:44:31,321 | INFO | src.vejrdata.api_clients.base | API GET https://opendataapi.dmi.dk/v2/metObs/collections/observation/items -> 200
2026-03-18 08:44:41,353 | INFO | src.vejrdata.api_clients.base | API GET https://opendataapi.dmi.dk/v2/metObs/collections/observation/items -> 200
2026-03-18 08:44:42,179 | INFO | src.vejrdata.api_clients.base | API GET https://opendataapi.dmi.dk/v2/metObs/collections/observation/items -> 200
2026-03-18 08:45:00,750 | INFO | src.vejrdata.api_clients.base | API GET https://opendataapi.dmi.dk/v2/metObs/collections/observation/items -> 200
2026-03-18 08:45:01,301 | INFO | src.vejrdata.api_clients.base | API GET https://opendataapi.dmi.dk/v2/metObs/collections/observation/items -> 200
2026-03-18 08:45:01,970 | INFO | src.vejrdata.api_clients.base | API GET https://climate.spac.dk/api/records -> 200
2026-03-18 08:45:11,330 | INFO | src.vejrdata.api_clients.base | API GET https://opendataapi.dmi.dk/v2/metObs/collections/observation/items -> 200
2026-03-18 08:45:11,919 | INFO | src.vejrdata.api_clients.base | API GET https://opendataapi.dmi.dk/v2/metObs/collections/observation/items -> 200
2026-03-18 08:45:12,499 | INFO | src.vejrdata.api_clients.base | API GET https://climate.spac.dk/api/records -> 200
2026-03-18 08:45:22,026 | INFO | src.vejrdata.api_clients.base | API GET https://opendataapi.dmi.dk/v2/metObs/collections/observation/items -> 200
2026-03-18 08:45:22,643 | INFO | src.vejrdata.api_clients.base | API GET https://opendataapi.dmi.dk/v2/metObs/collections/observation/items -> 200
2026-03-18 08:45:23,265 | INFO | src.vejrdata.api_clients.base | API GET https://climate.spac.dk/api/records -> 200
2026-03-18 08:45:32,951 | INFO | src.vejrdata.api_clients.base | API GET https://opendataapi.dmi.dk/v2/metObs/collections/observation/items -> 200
2026-03-18 08:45:33,675 | INFO | src.vejrdata.api_clients.base | API GET https://opendataapi.dmi.dk/v2/metObs/collections/observation/items -> 200
2026-03-18 08:45:34,511 | INFO | src.vejrdata.api_clients.base | API GET https://climate.spac.dk/api/records -> 200
2026-03-18 08:45:43,593 | INFO | src.vejrdata.api_clients.base | API GET https://opendataapi.dmi.dk/v2/metObs/collections/observation/items -> 200
2026-03-18 08:45:44,358 | INFO | src.vejrdata.api_clients.base | API GET https://opendataapi.dmi.dk/v2/metObs/collections/observation/items -> 200
2026-03-18 08:45:44,937 | INFO | src.vejrdata.api_clients.base | API GET https://climate.spac.dk/api/records -> 200
2026-03-18 08:47:46,278 | INFO | src.vejrdata.api_clients.base | API GET https://opendataapi.dmi.dk/v2/metObs/collections/observation/items -> 200
2026-03-18 08:47:47,258 | INFO | src.vejrdata.api_clients.base | API GET https://opendataapi.dmi.dk/v2/metObs/collections/observation/items -> 200
2026-03-18 08:47:47,831 | INFO | src.vejrdata.api_clients.base | API GET https://climate.spac.dk/api/records -> 200
2026-03-18 08:47:56,947 | INFO | src.vejrdata.api_clients.base | API GET https://opendataapi.dmi.dk/v2/metObs/collections/observation/items -> 200
2026-03-18 08:47:58,083 | INFO | src.vejrdata.api_clients.base | API GET https://opendataapi.dmi.dk/v2/metObs/collections/observation/items -> 200
2026-03-18 08:47:58,664 | INFO | src.vejrdata.api_clients.base | API GET https://climate.spac.dk/api/records -> 200
2026-03-18 08:48:07,522 | INFO | src.vejrdata.api_clients.base | API GET https://opendataapi.dmi.dk/v2/metObs/collections/observation/items -> 200
2026-03-18 08:48:08,662 | INFO | src.vejrdata.api_clients.base | API GET https://opendataapi.dmi.dk/v2/metObs/collections/observation/items -> 200
2026-03-18 08:48:09,230 | INFO | src.vejrdata.api_clients.base | API GET https://climate.spac.dk/api/records -> 200
2026-03-18 08:48:18,144 | INFO | src.vejrdata.api_clients.base | API GET https://opendataapi.dmi.dk/v2/metObs/collections/observation/items -> 200
2026-03-18 08:48:19,236 | INFO | src.vejrdata.api_clients.base | API GET https://opendataapi.dmi.dk/v2/metObs/collections/observation/items -> 200
2026-03-18 08:48:19,822 | INFO | src.vejrdata.api_clients.base | API GET https://climate.spac.dk/api/records -> 200
2026-03-18 08:48:28,736 | INFO | src.vejrdata.api_clients.base | API GET https://opendataapi.dmi.dk/v2/metObs/collections/observation/items -> 200
2026-03-18 08:48:29,829 | INFO | src.vejrdata.api_clients.base | API GET https://opendataapi.dmi.dk/v2/metObs/collections/observation/items -> 200
2026-03-18 08:48:30,466 | INFO | src.vejrdata.api_clients.base | API GET https://climate.spac.dk/api/records -> 200
2026-03-18 08:48:39,440 | INFO | src.vejrdata.api_clients.base | API GET https://opendataapi.dmi.dk/v2/metObs/collections/observation/items -> 200
2026-03-18 08:48:40,464 | INFO | src.vejrdata.api_clients.base | API GET https://opendataapi.dmi.dk/v2/metObs/collections/observation/items -> 200
2026-03-18 08:48:41,077 | INFO | src.vejrdata.api_clients.base | API GET https://climate.spac.dk/api/records -> 200
2026-03-18 08:48:50,059 | INFO | src.vejrdata.api_clients.base | API GET https://opendataapi.dmi.dk/v2/metObs/collections/observation/items -> 200
2026-03-18 08:48:51,067 | INFO | src.vejrdata.api_clients.base | API GET https://opendataapi.dmi.dk/v2/metObs/collections/observation/items -> 200
2026-03-18 08:48:51,633 | INFO | src.vejrdata.api_clients.base | API GET https://climate.spac.dk/api/records -> 200
2026-03-18 08:49:00,783 | INFO | src.vejrdata.api_clients.base | API GET https://opendataapi.dmi.dk/v2/metObs/collections/observation/items -> 200
2026-03-18 08:49:01,841 | INFO | src.vejrdata.api_clients.base | API GET https://opendataapi.dmi.dk/v2/metObs/collections/observation/items -> 200
2026-03-18 08:49:02,402 | INFO | src.vejrdata.api_clients.base | API GET https://climate.spac.dk/api/records -> 200
2026-03-18 08:49:12,016 | INFO | src.vejrdata.api_clients.base | API GET https://opendataapi.dmi.dk/v2/metObs/collections/observation/items -> 200
2026-03-18 08:49:13,247 | INFO | src.vejrdata.api_clients.base | API GET https://opendataapi.dmi.dk/v2/metObs/collections/observation/items -> 200
2026-03-18 08:49:14,259 | INFO | src.vejrdata.api_clients.base | API GET https://climate.spac.dk/api/records -> 200
2026-03-18 08:49:23,193 | INFO | src.vejrdata.api_clients.base | API GET https://opendataapi.dmi.dk/v2/metObs/collections/observation/items -> 200
2026-03-18 08:49:24,478 | INFO | src.vejrdata.api_clients.base | API GET https://opendataapi.dmi.dk/v2/metObs/collections/observation/items -> 200
2026-03-18 08:49:25,532 | INFO | src.vejrdata.api_clients.base | API GET https://climate.spac.dk/api/records -> 200
2026-03-18 08:49:34,337 | INFO | src.vejrdata.api_clients.base | API GET https://opendataapi.dmi.dk/v2/metObs/collections/observation/items -> 200
2026-03-18 08:49:35,531 | INFO | src.vejrdata.api_clients.base | API GET https://opendataapi.dmi.dk/v2/metObs/collections/observation/items -> 200
2026-03-18 08:49:36,527 | INFO | src.vejrdata.api_clients.base | API GET https://climate.spac.dk/api/records -> 200
2026-03-18 08:49:45,348 | INFO | src.vejrdata.api_clients.base | API GET https://opendataapi.dmi.dk/v2/metObs/collections/observation/items -> 200
2026-03-18 08:49:46,522 | INFO | src.vejrdata.api_clients.base | API GET https://opendataapi.dmi.dk/v2/metObs/collections/observation/items -> 200
2026-03-18 08:49:47,570 | INFO | src.vejrdata.api_clients.base | API GET https://climate.spac.dk/api/records -> 200
2026-03-18 08:49:56,459 | INFO | src.vejrdata.api_clients.base | API GET https://opendataapi.dmi.dk/v2/metObs/collections/observation/items -> 200
2026-03-18 08:49:57,795 | INFO | src.vejrdata.api_clients.base | API GET https://opendataapi.dmi.dk/v2/metObs/collections/observation/items -> 200
2026-03-18 08:49:58,836 | INFO | src.vejrdata.api_clients.base | API GET https://climate.spac.dk/api/records -> 200
2026-03-18 08:50:07,569 | INFO | src.vejrdata.api_clients.base | API GET https://opendataapi.dmi.dk/v2/metObs/collections/observation/items -> 200
2026-03-18 08:50:08,853 | INFO | src.vejrdata.api_clients.base | API GET https://opendataapi.dmi.dk/v2/metObs/collections/observation/items -> 200
2026-03-18 08:50:09,916 | INFO | src.vejrdata.api_clients.base | API GET https://climate.spac.dk/api/records -> 200
2026-03-18 08:50:18,597 | INFO | src.vejrdata.api_clients.base | API GET https://opendataapi.dmi.dk/v2/metObs/collections/observation/items -> 200
2026-03-18 08:50:19,979 | INFO | src.vejrdata.api_clients.base | API GET https://opendataapi.dmi.dk/v2/metObs/collections/observation/items -> 200
2026-03-18 08:50:20,977 | INFO | src.vejrdata.api_clients.base | API GET https://climate.spac.dk/api/records -> 200
2026-03-18 08:50:29,600 | INFO | src.vejrdata.api_clients.base | API GET https://opendataapi.dmi.dk/v2/metObs/collections/observation/items -> 200
2026-03-18 08:50:30,979 | INFO | src.vejrdata.api_clients.base | API GET https://opendataapi.dmi.dk/v2/metObs/collections/observation/items -> 200
2026-03-18 08:50:31,925 | INFO | src.vejrdata.api_clients.base | API GET https://climate.spac.dk/api/records -> 200
2026-03-18 08:50:40,632 | INFO | src.vejrdata.api_clients.base | API GET https://opendataapi.dmi.dk/v2/metObs/collections/observation/items -> 200
2026-03-18 09:00:44,977 | INFO | src.vejrdata.api_clients.base | API GET https://opendataapi.dmi.dk/v2/metObs/collections/observation/items -> 200
2026-03-18 09:00:45,648 | INFO | src.vejrdata.api_clients.base | API GET https://opendataapi.dmi.dk/v2/metObs/collections/observation/items -> 200
2026-03-18 09:00:46,217 | INFO | src.vejrdata.api_clients.base | API GET https://climate.spac.dk/api/records -> 200
2026-03-18 09:00:56,545 | INFO | src.vejrdata.api_clients.base | API GET https://climate.spac.dk/api/records -> 200
2026-03-18 09:01:06,906 | INFO | src.vejrdata.api_clients.base | API GET https://climate.spac.dk/api/records -> 200
2026-03-18 09:01:17,286 | INFO | src.vejrdata.api_clients.base | API GET https://climate.spac.dk/api/records -> 200
2026-03-18 09:01:27,637 | INFO | src.vejrdata.api_clients.base | API GET https://climate.spac.dk/api/records -> 200
2026-03-18 09:01:37,947 | INFO | src.vejrdata.api_clients.base | API GET https://climate.spac.dk/api/records -> 200
2026-03-18 09:01:48,287 | INFO | src.vejrdata.api_clients.base | API GET https://climate.spac.dk/api/records -> 200
2026-03-18 09:01:58,647 | INFO | src.vejrdata.api_clients.base | API GET https://climate.spac.dk/api/records -> 200
2026-03-18 09:02:09,018 | INFO | src.vejrdata.api_clients.base | API GET https://climate.spac.dk/api/records -> 200
2026-03-18 09:02:19,335 | INFO | src.vejrdata.api_clients.base | API GET https://climate.spac.dk/api/records -> 200
2026-03-18 09:02:25,601 | INFO | src.vejrdata.api_clients.base | API GET https://opendataapi.dmi.dk/v2/metObs/collections/observation/items -> 200
2026-03-18 09:02:26,182 | INFO | src.vejrdata.api_clients.base | API GET https://opendataapi.dmi.dk/v2/metObs/collections/observation/items -> 200
2026-03-18 09:02:29,653 | INFO | src.vejrdata.api_clients.base | API GET https://climate.spac.dk/api/records -> 200
2026-03-18 09:02:39,954 | INFO | src.vejrdata.api_clients.base | API GET https://climate.spac.dk/api/records -> 200
2026-03-18 09:02:50,286 | INFO | src.vejrdata.api_clients.base | API GET https://climate.spac.dk/api/records -> 200
2026-03-18 09:03:00,602 | INFO | src.vejrdata.api_clients.base | API GET https://climate.spac.dk/api/records -> 200
2026-03-18 09:03:10,972 | INFO | src.vejrdata.api_clients.base | API GET https://climate.spac.dk/api/records -> 200
2026-03-18 09:03:21,291 | INFO | src.vejrdata.api_clients.base | API GET https://climate.spac.dk/api/records -> 200
2026-03-18 09:03:31,647 | INFO | src.vejrdata.api_clients.base | API GET https://climate.spac.dk/api/records -> 200
2026-03-18 09:03:41,959 | INFO | src.vejrdata.api_clients.base | API GET https://climate.spac.dk/api/records -> 200
2026-03-18 09:03:52,306 | INFO | src.vejrdata.api_clients.base | API GET https://climate.spac.dk/api/records -> 200
2026-03-18 09:04:02,640 | INFO | src.vejrdata.api_clients.base | API GET https://climate.spac.dk/api/records -> 200
2026-03-18 09:04:06,189 | INFO | src.vejrdata.api_clients.base | API GET https://opendataapi.dmi.dk/v2/metObs/collections/observation/items -> 200
2026-03-18 09:04:06,775 | INFO | src.vejrdata.api_clients.base | API GET https://opendataapi.dmi.dk/v2/metObs/collections/observation/items -> 200
2026-03-18 09:04:12,974 | INFO | src.vejrdata.api_clients.base | API GET https://climate.spac.dk/api/records -> 200
2026-03-18 09:04:23,274 | INFO | src.vejrdata.api_clients.base | API GET https://climate.spac.dk/api/records -> 200
2026-03-18 09:04:33,596 | INFO | src.vejrdata.api_clients.base | API GET https://climate.spac.dk/api/records -> 200
2026-03-18 09:04:43,978 | INFO | src.vejrdata.api_clients.base | API GET https://climate.spac.dk/api/records -> 200
2026-03-18 09:04:54,313 | INFO | src.vejrdata.api_clients.base | API GET https://climate.spac.dk/api/records -> 200
2026-03-18 09:05:04,630 | INFO | src.vejrdata.api_clients.base | API GET https://climate.spac.dk/api/records -> 200
2026-03-18 09:05:14,985 | INFO | src.vejrdata.api_clients.base | API GET https://climate.spac.dk/api/records -> 200
2026-03-18 09:05:25,314 | INFO | src.vejrdata.api_clients.base | API GET https://climate.spac.dk/api/records -> 200
2026-03-18 09:05:35,663 | INFO | src.vejrdata.api_clients.base | API GET https://climate.spac.dk/api/records -> 200
2026-03-18 09:05:45,964 | INFO | src.vejrdata.api_clients.base | API GET https://climate.spac.dk/api/records -> 200
2026-03-18 09:05:46,837 | INFO | src.vejrdata.api_clients.base | API GET https://opendataapi.dmi.dk/v2/metObs/collections/observation/items -> 200
2026-03-18 09:05:47,682 | INFO | src.vejrdata.api_clients.base | API GET https://opendataapi.dmi.dk/v2/metObs/collections/observation/items -> 200
2026-03-18 09:05:56,280 | INFO | src.vejrdata.api_clients.base | API GET https://climate.spac.dk/api/records -> 200
2026-03-18 09:06:06,635 | INFO | src.vejrdata.api_clients.base | API GET https://climate.spac.dk/api/records -> 200
2026-03-18 09:06:16,982 | INFO | src.vejrdata.api_clients.base | API GET https://climate.spac.dk/api/records -> 200
2026-03-18 09:06:27,326 | INFO | src.vejrdata.api_clients.base | API GET https://climate.spac.dk/api/records -> 200
2026-03-18 09:06:37,702 | INFO | src.vejrdata.api_clients.base | API GET https://climate.spac.dk/api/records -> 200
2026-03-18 09:06:48,066 | INFO | src.vejrdata.api_clients.base | API GET https://climate.spac.dk/api/records -> 200
2026-03-18 09:06:58,415 | INFO | src.vejrdata.api_clients.base | API GET https://climate.spac.dk/api/records -> 200
2026-03-18 09:07:08,748 | INFO | src.vejrdata.api_clients.base | API GET https://climate.spac.dk/api/records -> 200
2026-03-18 09:07:19,060 | INFO | src.vejrdata.api_clients.base | API GET https://climate.spac.dk/api/records -> 200
2026-03-18 09:07:27,560 | INFO | src.vejrdata.api_clients.base | API GET https://opendataapi.dmi.dk/v2/metObs/collections/observation/items -> 200
2026-03-18 09:07:28,290 | INFO | src.vejrdata.api_clients.base | API GET https://opendataapi.dmi.dk/v2/metObs/collections/observation/items -> 200
2026-03-18 09:07:29,398 | INFO | src.vejrdata.api_clients.base | API GET https://climate.spac.dk/api/records -> 200
2026-03-18 09:07:39,715 | INFO | src.vejrdata.api_clients.base | API GET https://climate.spac.dk/api/records -> 200
2026-03-18 09:07:50,068 | INFO | src.vejrdata.api_clients.base | API GET https://climate.spac.dk/api/records -> 200
2026-03-18 09:08:00,416 | INFO | src.vejrdata.api_clients.base | API GET https://climate.spac.dk/api/records -> 200
2026-03-18 09:08:10,778 | INFO | src.vejrdata.api_clients.base | API GET https://climate.spac.dk/api/records -> 200
2026-03-18 09:08:21,219 | INFO | src.vejrdata.api_clients.base | API GET https://climate.spac.dk/api/records -> 200
2026-03-18 09:08:31,585 | INFO | src.vejrdata.api_clients.base | API GET https://climate.spac.dk/api/records -> 200
2026-03-18 09:08:41,965 | INFO | src.vejrdata.api_clients.base | API GET https://climate.spac.dk/api/records -> 200
2026-03-18 09:08:52,305 | INFO | src.vejrdata.api_clients.base | API GET https://climate.spac.dk/api/records -> 200
2026-03-18 09:09:02,657 | INFO | src.vejrdata.api_clients.base | API GET https://climate.spac.dk/api/records -> 200
2026-03-18 09:09:08,228 | INFO | src.vejrdata.api_clients.base | API GET https://opendataapi.dmi.dk/v2/metObs/collections/observation/items -> 200
2026-03-18 09:09:08,940 | INFO | src.vejrdata.api_clients.base | API GET https://opendataapi.dmi.dk/v2/metObs/collections/observation/items -> 200
2026-03-18 09:09:13,041 | INFO | src.vejrdata.api_clients.base | API GET https://climate.spac.dk/api/records -> 200
2026-03-18 09:09:23,403 | INFO | src.vejrdata.api_clients.base | API GET https://climate.spac.dk/api/records -> 200
2026-03-18 09:09:33,739 | INFO | src.vejrdata.api_clients.base | API GET https://climate.spac.dk/api/records -> 200
2026-03-18 09:09:44,143 | INFO | src.vejrdata.api_clients.base | API GET https://climate.spac.dk/api/records -> 200
2026-03-18 09:09:54,503 | INFO | src.vejrdata.api_clients.base | API GET https://climate.spac.dk/api/records -> 200
2026-03-18 09:10:04,828 | INFO | src.vejrdata.api_clients.base | API GET https://climate.spac.dk/api/records -> 200
2026-03-18 09:10:15,143 | INFO | src.vejrdata.api_clients.base | API GET https://climate.spac.dk/api/records -> 200
2026-03-18 09:10:25,477 | INFO | src.vejrdata.api_clients.base | API GET https://climate.spac.dk/api/records -> 200
2026-03-18 09:10:35,825 | INFO | src.vejrdata.api_clients.base | API GET https://climate.spac.dk/api/records -> 200
2026-03-18 09:10:46,155 | INFO | src.vejrdata.api_clients.base | API GET https://climate.spac.dk/api/records -> 200
2026-03-18 09:10:48,851 | INFO | src.vejrdata.api_clients.base | API GET https://opendataapi.dmi.dk/v2/metObs/collections/observation/items -> 200
2026-03-18 09:10:49,571 | INFO | src.vejrdata.api_clients.base | API GET https://opendataapi.dmi.dk/v2/metObs/collections/observation/items -> 200
2026-03-18 09:10:56,477 | INFO | src.vejrdata.api_clients.base | API GET https://climate.spac.dk/api/records -> 200
2026-03-18 09:11:06,835 | INFO | src.vejrdata.api_clients.base | API GET https://climate.spac.dk/api/records -> 200
2026-03-18 09:11:17,173 | INFO | src.vejrdata.api_clients.base | API GET https://climate.spac.dk/api/records -> 200
2026-03-18 09:11:27,505 | INFO | src.vejrdata.api_clients.base | API GET https://climate.spac.dk/api/records -> 200
2026-03-18 09:11:37,853 | INFO | src.vejrdata.api_clients.base | API GET https://climate.spac.dk/api/records -> 200
2026-03-18 09:11:48,173 | INFO | src.vejrdata.api_clients.base | API GET https://climate.spac.dk/api/records -> 200
2026-03-18 09:11:58,530 | INFO | src.vejrdata.api_clients.base | API GET https://climate.spac.dk/api/records -> 200
2026-03-18 09:12:08,892 | INFO | src.vejrdata.api_clients.base | API GET https://climate.spac.dk/api/records -> 200
2026-03-18 09:12:19,241 | INFO | src.vejrdata.api_clients.base | API GET https://climate.spac.dk/api/records -> 200
2026-03-18 09:12:29,437 | INFO | src.vejrdata.api_clients.base | API GET https://opendataapi.dmi.dk/v2/metObs/collections/observation/items -> 200
2026-03-18 09:12:30,055 | INFO | src.vejrdata.api_clients.base | API GET https://climate.spac.dk/api/records -> 200
2026-03-18 09:12:30,818 | INFO | src.vejrdata.api_clients.base | API GET https://opendataapi.dmi.dk/v2/metObs/collections/observation/items -> 200
2026-03-18 09:29:46,194 | INFO | src.vejrdata.api_clients.base | API GET https://opendataapi.dmi.dk/v2/metObs/collections/observation/items -> 200
2026-03-18 09:29:46,828 | INFO | src.vejrdata.api_clients.base | API GET https://opendataapi.dmi.dk/v2/metObs/collections/observation/items -> 200
2026-03-18 09:29:47,402 | INFO | src.vejrdata.api_clients.base | API GET https://climate.spac.dk/api/records -> 200
2026-03-18 09:41:40,456 | INFO | src.vejrdata.api_clients.base | API GET https://opendataapi.dmi.dk/v2/metObs/collections/observation/items -> 200
2026-03-18 09:41:41,070 | INFO | src.vejrdata.api_clients.base | API GET https://opendataapi.dmi.dk/v2/metObs/collections/observation/items -> 200
2026-03-18 09:41:41,722 | INFO | src.vejrdata.api_clients.base | API GET https://climate.spac.dk/api/records -> 200
